Initial build failed: 0.12 Processing esp32c2 (board: esp32-c2-devkitm-1; platform: https://github.com/pioarduino/platform-espressif32.git#develop; framework: arduino)
0.12 --------------------------------------------------------------------------------
0.44 Verbose mode can be enabled via `-v, --verbose` option
0.51 Error output: /home/ubuntu/.fastled/compile/pio/esp32c2/penv/bin/python: No module named pip
0.51 Error: Failed to install Python dependencies into penv
0.56 ========================== [FAILED] Took 0.43 seconds ==========================
Initial build failed: 0.16 Processing esp32c2 (board: esp32-c2-devkitm-1; platform: https://github.com/pioarduino/platform-espressif32.git#develop; framework: arduino)
0.16 --------------------------------------------------------------------------------
0.48 Verbose mode can be enabled via `-v, --verbose` option
1.07 CONFIGURATION: https://docs.platformio.org/page/boards/espressif32/esp32-c2-devkitm-1.html
1.07 PLATFORM: Espressif 32 (55.3.30+develop.sha.9651ee8) > Espressif ESP32-C2-DevKitM-1
1.07 HARDWARE: ESP32C2 120MHz, 272KB RAM, 4MB Flash
1.07 DEBUG: Current (cmsis-dap) External (cmsis-dap, esp-bridge, esp-prog, iot-bus-jtag, jlink, minimodule, olimex-arm-usb-ocd, olimex-arm-usb-ocd-h, olimex-arm-usb-tiny-h, olimex-jtag-tiny, tumpa)
1.07 PACKAGES:
1.07  - contrib-piohome @ 3.4.4
1.07  - framework-arduino-c2-skeleton-lib @ 5.5.0+sha.cbe9388f45
1.07  - framework-arduinoespressif32 @ 3.3.0
1.07  - framework-arduinoespressif32-libs @ 5.5.0+sha.b66b5448e0
1.07  - framework-espidf @ 3.50500.0 (5.5.0)
1.07  - tool-cmake @ 3.30.2
1.07  - tool-esp-rom-elfs @ 2024.10.11
1.07  - tool-esptoolpy @ 5.0.2
1.07  - tool-mklittlefs @ 3.2.0
1.07  - tool-ninja @ 1.13.1
1.07  - tool-scons @ 4.40801.0 (4.8.1)
1.07  - toolchain-riscv32-esp @ 14.2.0+20241119
1.07 *** Compile Arduino IDF libs for esp32c2 ***
1.09 *** Add "custom_sdkconfig" settings to IDF sdkconfig.defaults ***
1.09 Replace: CONFIG_IDF_TARGET="esp32c2" with: CONFIG_IDF_TARGET=esp32c2
1.09 Replace: CONFIG_ESPTOOLPY_FLASHMODE_QIO=y with: CONFIG_ESPTOOLPY_FLASHMODE_QIO=y
1.09 Replace: CONFIG_ESPTOOLPY_FLASHFREQ_60M=y with: CONFIG_ESPTOOLPY_FLASHFREQ_60M=y
1.09 Replace: CONFIG_ESPTOOLPY_FLASHFREQ="60m" with: CONFIG_ESPTOOLPY_FLASHFREQ="60m"
1.09 Add: # CONFIG_ESPTOOLPY_FLASHFREQ_80M is not set
1.10 Warning! Arduino framework as an ESP-IDF component doesn't handle the `variant` field! The default `esp32` variant will be used.
1.10 Reading CMake configuration...
6.09 Generating assembly for certificate bundle...
6.25 LDF: Library Dependency Finder -> https://bit.ly/configure-pio-ldf
6.25 LDF Modes: Finder ~ chain, Compatibility ~ soft
6.30 Found 42 compatible libraries
6.30 Scanning dependencies...
6.31 No dependencies
6.31 Building in release mode
6.31 Environment state dumped to: env_dump.json
6.31 Projenv state dumped to: projenv_dump.json
6.31 Cache configuration from environment:
6.31   Cache type: xcache
6.31   Cache executable: python /workspace/ci/util/xcache.py
6.31   SCCACHE path: /workspace/.venv/bin/sccache
6.31   SCCACHE dir: /home/ubuntu/.fastled/sccache
6.31   Debug enabled: False
6.31 xcache wrapper detected and configured for Python fake compilers
6.31   xcache path: /workspace/ci/util/xcache.py
6.31   cache executable: python /workspace/ci/util/xcache.py
6.31 DEBUG: Found compilers in env:
6.31   CC: 'riscv32-esp-elf-gcc' (type: str)
6.31   CXX: 'riscv32-esp-elf-g++' (type: str)
6.31 Extracted compiler names:
6.31   CC name: riscv32-esp-elf-gcc
6.31   CXX name: riscv32-esp-elf-g++
6.31 Found local compiler cache:
6.31   Cache file: /workspace/.build/pio/esp32c2/compiler_cache.json
6.31   Real CC: /home/ubuntu/.fastled/packages/esp32c2/toolchain-riscv32-esp/bin/riscv32-esp-elf-gcc
6.31   Real CXX: /home/ubuntu/.fastled/packages/esp32c2/toolchain-riscv32-esp/bin/riscv32-esp-elf-g++
6.31 SUCCESS: Using cached compilers (instant, no platform search needed):
6.31   CC: /workspace/.build/pio/esp32c2/cached_compilers/cached_CC.py
6.31   CXX: /workspace/.build/pio/esp32c2/cached_compilers/cached_CXX.py
6.31   Platform search skipped - using cached toolset
6.31 Created Python cached compilers:
6.31   CC: /workspace/.build/pio/esp32c2/cached_compilers/cached_CC.py
6.31   CXX: /workspace/.build/pio/esp32c2/cached_compilers/cached_CXX.py
6.31 Applied Python fake compilers to both env and projenv
6.31 Python fake compiler cache enabled: xcache
6.31   Original CC: riscv32-esp-elf-gcc
6.31   Original CXX: riscv32-esp-elf-g++
6.31   Fake CC: /workspace/.build/pio/esp32c2/cached_compilers/cached_CC.py
6.31   Fake CXX: /workspace/.build/pio/esp32c2/cached_compilers/cached_CXX.py
6.31 Python fake compiler cache environment configured successfully
6.42 Retrieved `.pio/build/esp32c2/.dummy/sketch.cpp.o' from cache
6.42 Retrieved `.pio/build/esp32c2/.dummy/arduino-lib-builder-gcc.c.o' from cache
6.43 Retrieved `.pio/build/esp32c2/.dummy/arduino-lib-builder-cpp.cpp.o' from cache
6.43 Retrieved `.pio/build/esp32c2/.dummy/arduino-lib-builder-as.S.o' from cache
6.43 Generating LD script .pio/build/esp32c2/esp-idf/esp_system/ld/memory.ld.in
6.43 CMake Error at .pio/build/esp32c2/esp-idf/esp_system/ld/linker_script_generator.cmake:6 (message):
6.43   Can't generate .pio/build/esp32c2/esp-idf/esp_system/ld/memory.ld.in
6.43   RET_CODE: no such file or directory
6.43   ERROR_MESSAGE:
6.43 Generating LD script .pio/build/esp32c2/esp-idf/esp_system/ld/sections.ld.in
6.43 *** [.pio/build/esp32c2/esp-idf/esp_system/ld/memory.ld.in] Error 1
6.44 CMake Error at .pio/build/esp32c2/esp-idf/esp_system/ld/linker_script_generator.cmake:6 (message):
6.44   Can't generate .pio/build/esp32c2/esp-idf/esp_system/ld/sections.ld.in
6.44   RET_CODE: no such file or directory
6.44   ERROR_MESSAGE:
6.44 *** [.pio/build/esp32c2/esp-idf/esp_system/ld/sections.ld.in] Error 1
6.57 ========================== [FAILED] Took 6.41 seconds ==========================
