Initial build failed: 0.12 Processing esp32c2 (board: esp32-c2-devkitm-1; platform: https://github.com/pioarduino/platform-espressif32.git#develop; framework: arduino)
0.12 --------------------------------------------------------------------------------
0.43 Verbose mode can be enabled via `-v, --verbose` option
0.52 Error output: /home/ubuntu/.fastled/compile/pio/esp32c2/penv/bin/python: No module named pip
0.52 Error: Failed to install Python dependencies into penv
0.56 ========================== [FAILED] Took 0.43 seconds ==========================
Initial build failed: 0.16 Processing esp32c2 (board: esp32-c2-devkitm-1; platform: https://github.com/pioarduino/platform-espressif32.git#develop; framework: arduino)
0.16 --------------------------------------------------------------------------------
0.48 Verbose mode can be enabled via `-v, --verbose` option
0.97 CONFIGURATION: https://docs.platformio.org/page/boards/espressif32/esp32-c2-devkitm-1.html
0.97 PLATFORM: Espressif 32 (55.3.30+develop.sha.9651ee8) > Espressif ESP32-C2-DevKitM-1
0.97 HARDWARE: ESP32C2 120MHz, 272KB RAM, 4MB Flash
0.97 DEBUG: Current (cmsis-dap) External (cmsis-dap, esp-bridge, esp-prog, iot-bus-jtag, jlink, minimodule, olimex-arm-usb-ocd, olimex-arm-usb-ocd-h, olimex-arm-usb-tiny-h, olimex-jtag-tiny, tumpa)
0.97 PACKAGES:
0.97  - contrib-piohome @ 3.4.4
0.97  - framework-arduino-c2-skeleton-lib @ 5.5.0+sha.cbe9388f45
0.97  - framework-arduinoespressif32 @ 3.3.0
0.97  - framework-arduinoespressif32-libs @ 5.5.0+sha.b66b5448e0
0.97  - framework-espidf @ 3.50500.0 (5.5.0)
0.97  - tool-cmake @ 3.30.2
0.97  - tool-esp-rom-elfs @ 2024.10.11
0.97  - tool-esptoolpy @ 5.0.2
0.97  - tool-mklittlefs @ 3.2.0
0.97  - tool-ninja @ 1.13.1
0.97  - tool-scons @ 4.40801.0 (4.8.1)
0.97  - toolchain-riscv32-esp @ 14.2.0+20241119
0.98 *** Compile Arduino IDF libs for esp32c2 ***
1.00 *** Add "custom_sdkconfig" settings to IDF sdkconfig.defaults ***
1.00 Replace: CONFIG_IDF_TARGET="esp32c2" with: CONFIG_IDF_TARGET=esp32c2
1.00 Replace: CONFIG_ESPTOOLPY_FLASHMODE_QIO=y with: CONFIG_ESPTOOLPY_FLASHMODE_QIO=y
1.00 Replace: CONFIG_ESPTOOLPY_FLASHFREQ_60M=y with: CONFIG_ESPTOOLPY_FLASHFREQ_60M=y
1.00 Replace: CONFIG_ESPTOOLPY_FLASHFREQ="60m" with: CONFIG_ESPTOOLPY_FLASHFREQ="60m"
1.00 Add: # CONFIG_ESPTOOLPY_FLASHFREQ_80M is not set
1.01 Warning! Arduino framework as an ESP-IDF component doesn't handle the `variant` field! The default `esp32` variant will be used.
1.01 Reading CMake configuration...
5.38 Generating assembly for certificate bundle...
5.54 LDF: Library Dependency Finder -> https://bit.ly/configure-pio-ldf
5.54 LDF Modes: Finder ~ chain, Compatibility ~ soft
5.59 Found 42 compatible libraries
5.59 Scanning dependencies...
5.60 No dependencies
5.60 Building in release mode
5.61 Environment state dumped to: env_dump.json
5.61 Projenv state dumped to: projenv_dump.json
5.61 Cache configuration from environment:
5.61   Cache type: xcache
5.61   Cache executable: python /workspace/ci/util/xcache.py
5.61   SCCACHE path: /workspace/.venv/bin/sccache
5.61   SCCACHE dir: /home/ubuntu/.fastled/sccache
5.61   Debug enabled: False
5.61 xcache wrapper detected and configured for Python fake compilers
5.61   xcache path: /workspace/ci/util/xcache.py
5.61   cache executable: python /workspace/ci/util/xcache.py
5.61 DEBUG: Found compilers in env:
5.61   CC: 'riscv32-esp-elf-gcc' (type: str)
5.61   CXX: 'riscv32-esp-elf-g++' (type: str)
5.61 Extracted compiler names:
5.61   CC name: riscv32-esp-elf-gcc
5.61   CXX name: riscv32-esp-elf-g++
5.61 Found local compiler cache:
5.61   Cache file: /workspace/.build/pio/esp32c2/compiler_cache.json
5.61   Real CC: /home/ubuntu/.fastled/packages/esp32c2/toolchain-riscv32-esp/bin/riscv32-esp-elf-gcc
5.61   Real CXX: /home/ubuntu/.fastled/packages/esp32c2/toolchain-riscv32-esp/bin/riscv32-esp-elf-g++
5.61 SUCCESS: Using cached compilers (instant, no platform search needed):
5.61   CC: /workspace/.build/pio/esp32c2/cached_compilers/cached_CC.py
5.61   CXX: /workspace/.build/pio/esp32c2/cached_compilers/cached_CXX.py
5.61   Platform search skipped - using cached toolset
5.61 Created Python cached compilers:
5.61   CC: /workspace/.build/pio/esp32c2/cached_compilers/cached_CC.py
5.61   CXX: /workspace/.build/pio/esp32c2/cached_compilers/cached_CXX.py
5.61 Applied Python fake compilers to both env and projenv
5.61 Python fake compiler cache enabled: xcache
5.61   Original CC: riscv32-esp-elf-gcc
5.61   Original CXX: riscv32-esp-elf-g++
5.61   Fake CC: /workspace/.build/pio/esp32c2/cached_compilers/cached_CC.py
5.61   Fake CXX: /workspace/.build/pio/esp32c2/cached_compilers/cached_CXX.py
5.61 Python fake compiler cache environment configured successfully
5.71 Retrieved `.pio/build/esp32c2/.dummy/sketch.cpp.o' from cache
5.71 Retrieved `.pio/build/esp32c2/.dummy/arduino-lib-builder-gcc.c.o' from cache
5.72 Retrieved `.pio/build/esp32c2/.dummy/arduino-lib-builder-cpp.cpp.o' from cache
5.72 Retrieved `.pio/build/esp32c2/.dummy/arduino-lib-builder-as.S.o' from cache
5.73 Generating LD script .pio/build/esp32c2/esp-idf/esp_system/ld/memory.ld.in
5.73 CMake Error at .pio/build/esp32c2/esp-idf/esp_system/ld/linker_script_generator.cmake:6 (message):
5.73   Can't generate .pio/build/esp32c2/esp-idf/esp_system/ld/memory.ld.in
5.73   RET_CODE: no such file or directory
5.73   ERROR_MESSAGE:
5.73 Generating LD script .pio/build/esp32c2/esp-idf/esp_system/ld/sections.ld.in
5.73 *** [.pio/build/esp32c2/esp-idf/esp_system/ld/memory.ld.in] Error 1
5.73 CMake Error at .pio/build/esp32c2/esp-idf/esp_system/ld/linker_script_generator.cmake:6 (message):
5.73   Can't generate .pio/build/esp32c2/esp-idf/esp_system/ld/sections.ld.in
5.73   RET_CODE: no such file or directory
5.73   ERROR_MESSAGE:
5.73 *** [.pio/build/esp32c2/esp-idf/esp_system/ld/sections.ld.in] Error 1
5.87 ========================== [FAILED] Took 5.71 seconds ==========================
