Initial build failed: 0.12 Processing esp32c2 (board: esp32-c2-devkitm-1; platform: https://github.com/pioarduino/platform-espressif32.git#develop; framework: arduino)
0.12 --------------------------------------------------------------------------------
0.43 Verbose mode can be enabled via `-v, --verbose` option
0.50 Error output: /home/ubuntu/.fastled/compile/pio/esp32c2/penv/bin/python: No module named pip
0.50 Error: Failed to install Python dependencies into penv
0.54 ========================== [FAILED] Took 0.42 seconds ==========================
Initial build failed: 0.16 Processing esp32c2 (board: esp32-c2-devkitm-1; platform: https://github.com/pioarduino/platform-espressif32.git#develop; framework: arduino)
0.16 --------------------------------------------------------------------------------
0.47 Verbose mode can be enabled via `-v, --verbose` option
1.00 CONFIGURATION: https://docs.platformio.org/page/boards/espressif32/esp32-c2-devkitm-1.html
1.00 PLATFORM: Espressif 32 (55.3.30+develop.sha.9651ee8) > Espressif ESP32-C2-DevKitM-1
1.00 HARDWARE: ESP32C2 120MHz, 272KB RAM, 4MB Flash
1.00 DEBUG: Current (cmsis-dap) External (cmsis-dap, esp-bridge, esp-prog, iot-bus-jtag, jlink, minimodule, olimex-arm-usb-ocd, olimex-arm-usb-ocd-h, olimex-arm-usb-tiny-h, olimex-jtag-tiny, tumpa)
1.00 PACKAGES:
1.00  - contrib-piohome @ 3.4.4
1.00  - framework-arduino-c2-skeleton-lib @ 5.5.0+sha.cbe9388f45
1.00  - framework-arduinoespressif32 @ 3.3.0
1.00  - framework-arduinoespressif32-libs @ 5.5.0+sha.b66b5448e0
1.00  - framework-espidf @ 3.50500.0 (5.5.0)
1.00  - tool-cmake @ 3.30.2
1.00  - tool-esp-rom-elfs @ 2024.10.11
1.00  - tool-esptoolpy @ 5.0.2
1.00  - tool-mklittlefs @ 3.2.0
1.00  - tool-ninja @ 1.13.1
1.00  - tool-scons @ 4.40801.0 (4.8.1)
1.00  - toolchain-riscv32-esp @ 14.2.0+20241119
1.00 *** Compile Arduino IDF libs for esp32c2 ***
1.02 *** Add "custom_sdkconfig" settings to IDF sdkconfig.defaults ***
1.02 Replace: CONFIG_IDF_TARGET="esp32c2" with: CONFIG_IDF_TARGET=esp32c2
1.02 Replace: CONFIG_ESPTOOLPY_FLASHMODE_QIO=y with: CONFIG_ESPTOOLPY_FLASHMODE_QIO=y
1.02 Replace: CONFIG_ESPTOOLPY_FLASHFREQ_60M=y with: CONFIG_ESPTOOLPY_FLASHFREQ_60M=y
1.02 Replace: CONFIG_ESPTOOLPY_FLASHFREQ="60m" with: CONFIG_ESPTOOLPY_FLASHFREQ="60m"
1.02 Add: # CONFIG_ESPTOOLPY_FLASHFREQ_80M is not set
1.03 Warning! Arduino framework as an ESP-IDF component doesn't handle the `variant` field! The default `esp32` variant will be used.
1.03 Reading CMake configuration...
8.34 Generating assembly for certificate bundle...
8.50 LDF: Library Dependency Finder -> https://bit.ly/configure-pio-ldf
8.50 LDF Modes: Finder ~ chain, Compatibility ~ soft
8.55 Found 42 compatible libraries
8.55 Scanning dependencies...
8.56 No dependencies
8.56 Building in release mode
8.57 Environment state dumped to: env_dump.json
8.57 Projenv state dumped to: projenv_dump.json
8.57 Cache configuration from environment:
8.57   Cache type: xcache
8.57   Cache executable: python /workspace/ci/util/xcache.py
8.57   SCCACHE path: /workspace/.venv/bin/sccache
8.57   SCCACHE dir: /home/ubuntu/.fastled/sccache
8.57   Debug enabled: False
8.57 xcache wrapper detected and configured for Python fake compilers
8.57   xcache path: /workspace/ci/util/xcache.py
8.57   cache executable: python /workspace/ci/util/xcache.py
8.57 DEBUG: Found compilers in env:
8.57   CC: 'riscv32-esp-elf-gcc' (type: str)
8.57   CXX: 'riscv32-esp-elf-g++' (type: str)
8.57 Extracted compiler names:
8.57   CC name: riscv32-esp-elf-gcc
8.57   CXX name: riscv32-esp-elf-g++
8.57 Found local compiler cache:
8.57   Cache file: /workspace/.build/pio/esp32c2/compiler_cache.json
8.57   Real CC: /home/ubuntu/.fastled/packages/esp32c2/toolchain-riscv32-esp/bin/riscv32-esp-elf-gcc
8.57   Real CXX: /home/ubuntu/.fastled/packages/esp32c2/toolchain-riscv32-esp/bin/riscv32-esp-elf-g++
8.57 SUCCESS: Using cached compilers (instant, no platform search needed):
8.57   CC: /workspace/.build/pio/esp32c2/cached_compilers/cached_CC.py
8.57   CXX: /workspace/.build/pio/esp32c2/cached_compilers/cached_CXX.py
8.57   Platform search skipped - using cached toolset
8.57 Created Python cached compilers:
8.57   CC: /workspace/.build/pio/esp32c2/cached_compilers/cached_CC.py
8.57   CXX: /workspace/.build/pio/esp32c2/cached_compilers/cached_CXX.py
8.57 Applied Python fake compilers to both env and projenv
8.57 Python fake compiler cache enabled: xcache
8.57   Original CC: riscv32-esp-elf-gcc
8.57   Original CXX: riscv32-esp-elf-g++
8.57   Fake CC: /workspace/.build/pio/esp32c2/cached_compilers/cached_CC.py
8.57   Fake CXX: /workspace/.build/pio/esp32c2/cached_compilers/cached_CXX.py
8.57 Python fake compiler cache environment configured successfully
8.67 Retrieved `.pio/build/esp32c2/.dummy/sketch.cpp.o' from cache
8.67 Retrieved `.pio/build/esp32c2/.dummy/arduino-lib-builder-gcc.c.o' from cache
8.68 Retrieved `.pio/build/esp32c2/.dummy/arduino-lib-builder-cpp.cpp.o' from cache
8.68 Retrieved `.pio/build/esp32c2/.dummy/arduino-lib-builder-as.S.o' from cache
8.69 Generating LD script .pio/build/esp32c2/esp-idf/esp_system/ld/memory.ld.in
8.69 CMake Error at .pio/build/esp32c2/esp-idf/esp_system/ld/linker_script_generator.cmake:6 (message):
8.69   Can't generate .pio/build/esp32c2/esp-idf/esp_system/ld/memory.ld.in
8.69   RET_CODE: no such file or directory
8.69   ERROR_MESSAGE:
8.69 Generating LD script .pio/build/esp32c2/esp-idf/esp_system/ld/sections.ld.in
8.69 *** [.pio/build/esp32c2/esp-idf/esp_system/ld/memory.ld.in] Error 1
8.69 CMake Error at .pio/build/esp32c2/esp-idf/esp_system/ld/linker_script_generator.cmake:6 (message):
8.69   Can't generate .pio/build/esp32c2/esp-idf/esp_system/ld/sections.ld.in
8.69   RET_CODE: no such file or directory
8.69   ERROR_MESSAGE:
8.69 *** [.pio/build/esp32c2/esp-idf/esp_system/ld/sections.ld.in] Error 1
8.83 ========================== [FAILED] Took 8.67 seconds ==========================
